
-------------------------------------------------------------------------------
Parsing project file - C:\Program Files (x86)\Darkest Dungeon\mods\gylls_vanilla_heroes\project.xml
Mod Data Directory = C:/Program Files (x86)/Darkest Dungeon/mods/gylls_vanilla_heroes/

-------------------------------------------------------------------------------
Processing Map Files files...

-------------------------------------------------------------------------------
Searching for preview icon file C:/Program Files (x86)/Darkest Dungeon/mods/gylls_vanilla_heroes/preview_icon.png...FOUND!
<UploadMode> - Set to direct_upload


-------------------------------------------------------------------------------
Detected 4 unchanged files
The following files are unchanged and will be uploaded...
C:/Program Files (x86)/Darkest Dungeon/mods/gylls_vanilla_heroes/dlc/580100_crimson_court/features/flagellant/heroes/flagellant/flagellant.art.darkest
C:/Program Files (x86)/Darkest Dungeon/mods/gylls_vanilla_heroes/dlc/580100_crimson_court/features/flagellant/heroes/flagellant/flagellant.info.darkest
C:/Program Files (x86)/Darkest Dungeon/mods/gylls_vanilla_heroes/dlc/702540_shieldbreaker/heroes/shieldbreaker/shieldbreaker.art.darkest
C:/Program Files (x86)/Darkest Dungeon/mods/gylls_vanilla_heroes/dlc/702540_shieldbreaker/heroes/shieldbreaker/shieldbreaker.info.darkest

-------------------------------------------------------------------------------
Modded files...

dlc/580100_crimson_court/features/flagellant/shared/buffs/gv_heroes_flagellant.buffs.json
dlc/580100_crimson_court/features/flagellant/effects/gv_heroes_flagellant.effects.darkest
dlc/702540_shieldbreaker/shared/buffs/gv_heroes_shieldbreaker.buffs.json
dlc/702540_shieldbreaker/effects/gv_heroes_shieldbreaker.effects.darkest
heroes/antiquarian/fx/antiquarian.sprite.invigorating_vapours.png
heroes/antiquarian/fx/antiquarian.sprite.invigorating_vapours_target.png
panels/icons_equip/supply/inv_supply+antiq_blue.png
panels/icons_equip/supply/inv_supply+antiq_orange.png
audio/secondary_banks/gv_heroes.bank
campaign/provision/gv_heroes.provision.json
fx/antiq_blue/antiq_blue.sprite.atlas
fx/antiq_blue/antiq_blue.sprite.png
fx/antiq_blue/antiq_blue.sprite.skel
fx/antiq_orange/antiq_orange.sprite.atlas
fx/antiq_orange/antiq_orange.sprite.png
fx/antiq_orange/antiq_orange.sprite.skel
heroes/abomination/abomination.art.darkest
heroes/abomination/abomination.info.darkest
heroes/antiquarian/antiquarian.ability.rapturous.png
heroes/antiquarian/antiquarian.art.darkest
heroes/antiquarian/antiquarian.info.darkest
heroes/arbalest/arbalest.art.darkest
heroes/arbalest/arbalest.info.darkest
heroes/bounty_hunter/bounty_hunter.ability.hook.png
heroes/bounty_hunter/bounty_hunter.art.darkest
heroes/bounty_hunter/bounty_hunter.info.darkest
heroes/crusader/crusader.ability.cleave.png
heroes/crusader/crusader.ability.scroll.png
heroes/crusader/crusader.ability.smite.png
heroes/crusader/crusader.art.darkest
heroes/crusader/crusader.info.darkest
heroes/grave_robber/grave_robber.art.darkest
heroes/grave_robber/grave_robber.info.darkest
heroes/hellion/hellion.art.darkest
heroes/hellion/hellion.info.darkest
heroes/highwayman/highwayman.ability.coldblood.png
heroes/highwayman/highwayman.art.darkest
heroes/highwayman/highwayman.info.darkest
heroes/houndmaster/houndmaster.ability.lick.png
heroes/houndmaster/houndmaster.ability.pull.png
heroes/houndmaster/houndmaster.art.darkest
heroes/houndmaster/houndmaster.info.darkest
heroes/jester/jester.art.darkest
heroes/jester/jester.info.darkest
heroes/leper/leper.ability.intimidate.png
heroes/leper/leper.ability.overpower.png
heroes/leper/leper.ability.revenge.png
heroes/leper/leper.ability.withstand.png
heroes/leper/leper.art.darkest
heroes/leper/leper.info.darkest
heroes/man_at_arms/man_at_arms.ability.stun.png
heroes/man_at_arms/man_at_arms.art.darkest
heroes/man_at_arms/man_at_arms.info.darkest
heroes/occultist/occultist.art.darkest
heroes/occultist/occultist.info.darkest
heroes/plague_doctor/plague_doctor.ability.concoction.png
heroes/plague_doctor/plague_doctor.ability.explosion.png
heroes/plague_doctor/plague_doctor.art.darkest
heroes/plague_doctor/plague_doctor.info.darkest
heroes/vestal/vestal.ability.chastise.png
heroes/vestal/vestal.ability.hand.png
heroes/vestal/vestal.art.darkest
heroes/vestal/vestal.info.darkest
shared/buffs/gv_heroes.buffs.json
audio/gv_heroes.campaign.guid_overrides.json
audio/gv_heroes.campaign.load_order.json
colours/gv_heroes.colours.darkest
effects/gv_heroes.effects.darkest
inventory/gv_heroes.inventory.extra_stack_limits.darkest
inventory/gv_heroes.supply.inventory.items.darkest
loot/gv_heroes.loot.json
preview_icon.png
project.xml

Submitting...................................................................................Submitted.
Saving project file C:\Program Files (x86)\Darkest Dungeon\mods\gylls_vanilla_heroes\project.xml

